2024-05-02T19:41:27.126Z [owner-service] info: ownerRegister -> $OWNER_EMAIL=[testowner3@gmail.com] : new hotelowner registered
2024-05-02T19:41:42.207Z [owner-service] info: ownerLogin -> $OWNER_EMAIL=[testowner3@gmail.com] : Owner logged In Successfully
2024-05-02T19:42:10.201Z [owner-service] info: addNewHotelDetail -> $OWNER_ID=[6] : new hotel added
2024-05-02T19:42:33.126Z [owner-service] info: updateHotelDetail -> $OWNER_ID=[6] : new hotel+amenity added 
2024-05-02T19:43:34.295Z [owner-service] info: updateOwnerDetail -> $OWNER_ID=[6] : hotelowner updated
2024-05-02T19:43:45.797Z [owner-service] info: getHotelDetailByOwnerId -> $OWNER_ID=[6] : fetched hotel detail successfully 
2024-05-02T19:44:21.248Z [owner-service] info: addRoomDetail -> $OWNER_ID=[6] : added roomdetail successfully
2024-05-02T19:44:30.781Z [owner-service] info: updateRoomDetailByRoomId -> $OWNER_ID=[6] : updated  room by roomid
2024-05-02T19:44:40.707Z [owner-service] info: getRoomDetailByRoomId -> $OWNER_ID=[6] : fetched roomdetail by roomid
2024-05-02T19:44:54.215Z [owner-service] info: getAllRoomDetailByHotelId -> $OWNER_ID=[6] : fetched all room by hotelownerid
2024-05-02T19:45:13.239Z [owner-service] error: deleteRoomDetailByRoomId -> $OWNER_ID=[6] : No room given id found
2024-05-02T19:45:23.626Z [owner-service] info: ownerLogout -> $OWNER_ID=[6] : owner logged Out successfully
2024-05-02T19:45:48.613Z [owner-service] info: ownerLogin -> $OWNER_EMAIL=[testowner3@gmail.com] : Owner logged In Successfully
2024-05-02T19:46:40.919Z [owner-service] error: ownerLogout -> $OWNER_ID=[6] : cannot remove owner refreshtoken
2024-05-02T19:46:48.211Z [owner-service] error: ownerLogout -> $OWNER_ID=[6] : cannot remove owner refreshtoken
2024-05-02T19:49:22.714Z [owner-service] info: ownerLogin -> $OWNER_EMAIL=[testowner3@gmail.com] : Owner logged In Successfully
2024-05-02T19:49:27.064Z [owner-service] error: ownerLogout -> $OWNER_ID=[6] : cannot remove owner refreshtoken
2024-05-02T19:49:51.912Z [owner-service] info: ownerLogout -> $OWNER_ID=[6] : owner logged Out successfully
2024-05-05T06:02:28.201Z [owner-service] info: ownerLogin -> $OWNER_EMAIL=[testowner3@gmail.com] : Owner logged In Successfully
2024-05-06T12:14:53.964Z [owner-service] info: ownerLogin -> $OWNER_EMAIL=[testowner3@gmail.com] : Owner logged In Successfully
2024-05-06T12:24:28.118Z [owner-service] info: ownerLogout -> $OWNER_ID=[6] : owner logged Out successfully
2024-05-06T12:29:41.302Z [owner-service] info: ownerLogin -> $OWNER_EMAIL=[testowner3@gmail.com] : Owner logged In Successfully
2024-05-06T12:29:44.499Z [owner-service] info: ownerLogout -> $OWNER_ID=[6] : owner logged Out successfully
