2024-05-06T12:37:34.890Z [user-service] info: userRegister -> $USER_EMAIL=[testuser3@gmail.com] : new user registered
2024-05-06T12:40:09.461Z [user-service] error: userLogin -> $USER_EMAIL=[testuser3@gmail.com] : Token error
2024-05-06T12:42:45.055Z [user-service] info: userLogin -> $user_EMAIL=[testuser3@gmail.com] : user logged In Successfully
2024-05-06T12:44:37.272Z [user-service] info: userLogout -> $USER_ID=[3] : user logged Out successfully
2024-05-06T12:50:54.840Z [user-service] info: userLogin -> $user_EMAIL=[testuser3@gmail.com] : user logged In Successfully
2024-05-06T12:51:02.756Z [user-service] info: updateUserDetail -> $USER_ID=[3] : user updated
2024-05-06T12:53:04.519Z [user-service] info: getPastBooking -> $USER_ID=[3] : fetched past booking successfully
2024-05-06T12:54:22.177Z [user-service] error: getPastBooking -> $USER_ID=[3] : Couldnot fetch past bookings 
2024-05-06T12:55:55.058Z [user-service] info: getPastBooking -> $USER_ID=[3] : fetched past booking successfully
2024-05-06T12:56:41.244Z [user-service] error: getPastBooking -> $USER_ID=[3] : Couldnot fetch past bookings 
2024-05-06T12:56:57.864Z [user-service] error: getPastBooking -> $USER_ID=[3] : Couldnot fetch past bookings 
2024-05-06T12:58:04.612Z [user-service] info: getPastBooking -> $USER_ID=[3] : fetched past booking successfully
2024-05-06T13:02:50.211Z [user-service] info: getCurrentBooking -> $USER_ID=[3] : fetched current booking successfully
2024-05-06T13:15:06.978Z [user-service] info: userRegister -> $USER_EMAIL=[testuser3@gmail.com] : new user registered
2024-05-06T13:16:09.326Z [user-service] info: userRegister -> $USER_EMAIL=[email1@gmail.com] : new user registered
2024-05-06T13:18:55.720Z [user-service] info: userRegister -> $USER_EMAIL=[email2@gmail.com] : new user registered
2024-05-06T13:19:10.705Z [user-service] info: userRegister -> $USER_EMAIL=[email3@gmail.com] : new user registered
2024-05-06T13:19:21.291Z [user-service] info: userRegister -> $USER_EMAIL=[email4@gmail.com] : new user registered
2024-05-06T13:19:32.235Z [user-service] info: userRegister -> $USER_EMAIL=[email5@gmail.com] : new user registered
2024-05-06T13:19:41.073Z [user-service] info: userRegister -> $USER_EMAIL=[email6@gmail.com] : new user registered
2024-05-06T13:19:51.613Z [user-service] info: userRegister -> $USER_EMAIL=[email7@gmail.com] : new user registered
2024-05-06T13:20:03.328Z [user-service] info: userRegister -> $USER_EMAIL=[email8@gmail.com] : new user registered
2024-05-06T13:20:13.073Z [user-service] info: userRegister -> $USER_EMAIL=[email9@gmail.com] : new user registered
2024-05-06T13:20:23.342Z [user-service] info: userRegister -> $USER_EMAIL=[email10@gmail.com] : new user registered
2024-05-06T13:23:40.463Z [user-service] info: userLogin -> $user_EMAIL=[email1@gmail.com] : user logged In Successfully
2024-05-06T13:23:49.868Z [user-service] info: userLogin -> $user_EMAIL=[email2@gmail.com] : user logged In Successfully
2024-05-06T13:23:56.526Z [user-service] info: userLogin -> $user_EMAIL=[email3@gmail.com] : user logged In Successfully
2024-05-06T13:24:03.371Z [user-service] info: userLogin -> $user_EMAIL=[email4@gmail.com] : user logged In Successfully
2024-05-06T13:24:09.656Z [user-service] info: userLogin -> $user_EMAIL=[email5@gmail.com] : user logged In Successfully
2024-05-06T13:24:16.454Z [user-service] info: userLogin -> $user_EMAIL=[email6@gmail.com] : user logged In Successfully
2024-05-06T13:24:24.729Z [user-service] info: userLogin -> $user_EMAIL=[email7@gmail.com] : user logged In Successfully
2024-05-06T13:24:30.477Z [user-service] info: userLogin -> $user_EMAIL=[email8@gmail.com] : user logged In Successfully
2024-05-06T13:24:36.398Z [user-service] info: userLogin -> $user_EMAIL=[email9@gmail.com] : user logged In Successfully
2024-05-06T13:24:43.510Z [user-service] info: userLogin -> $user_EMAIL=[email10@gmail.com] : user logged In Successfully
2024-05-06T13:25:12.855Z [user-service] info: userLogout -> $USER_ID=[10] : user logged Out successfully
2024-05-06T13:26:00.948Z [user-service] info: userLogin -> $user_EMAIL=[email1@gmail.com] : user logged In Successfully
2024-05-06T13:26:54.739Z [user-service] info: userLogin -> $user_EMAIL=[email1@gmail.com] : user logged In Successfully
2024-05-06T13:27:13.342Z [user-service] info: updateUserDetail -> $USER_ID=[1] : user updated
2024-05-06T15:04:53.805Z [user-service] info: userLogin -> $user_EMAIL=[email1@gmail.com] : user logged In Successfully
2024-05-06T15:12:07.831Z [user-service] info: userLogin -> $user_EMAIL=[email1@gmail.com] : user logged In Successfully
2024-05-06T15:18:22.977Z [user-service] error:  createNewBooking-> $USER_ID=[1] : Booking successful
2024-05-06T15:21:41.635Z [user-service] error:  createNewBooking-> $USER_ID=[1] : unauthorized access
2024-05-06T15:21:53.620Z [user-service] info: userLogin -> $user_EMAIL=[email2@gmail.com] : user logged In Successfully
2024-05-06T15:22:00.364Z [user-service] error:  createNewBooking-> $USER_ID=[2] : Booking successful
2024-05-06T15:28:16.317Z [user-service] info: userLogin -> $user_EMAIL=[email2@gmail.com] : user logged In Successfully
2024-05-06T15:28:28.537Z [user-service] error:  createNewBooking-> $USER_ID=[2] : Booking successful
2024-05-06T15:32:24.514Z [user-service] info: cancelBookingByBookingID -> $USER_ID=[2] : updated booking status 
2024-05-06T15:38:09.149Z [user-service] error:  cancelBookingByBookingID-> $USER_ID=[2] : unauthorized access
2024-05-06T15:52:09.656Z [user-service] error:  cancelBookingByBookingID-> $USER_ID=[undefined] : unauthorized access
2024-05-07T03:18:46.578Z [user-service] error:  updateUserDetail-> $USER_ID=[undefined] : unauthorized access
2024-05-07T03:19:42.471Z [user-service] info: getCurrentBooking -> $USER_ID=[undefined] : fetched current booking successfully
2024-05-07T03:19:55.151Z [user-service] info: getPastBooking -> $USER_ID=[undefined] : fetched past booking successfully
2024-05-07T03:21:11.392Z [user-service] error:  addReviewToHotel-> $USER_ID=[undefined] : unauthorized access
2024-05-07T03:22:01.212Z [user-service] info: userLogin -> $user_EMAIL=[email1@gmail.com] : user logged In Successfully
2024-05-07T03:22:09.397Z [user-service] info: addReviewToHotel -> $USER_ID=[1] : Added review to database
